<?xml version="1.0" encoding="UTF-8"?>
<!-- Generated by org.testng.reporters.JUnitXMLReporter -->
<testsuite ignored="0" hostname="Hendras-MacBook-Pro.local" failures="0" tests="4" name="Default test" time="3.618" errors="0" timestamp="2024-02-24T16:14:21 WIB">
  <testcase classname="selenium.API.RequstAPI" name="createUser" time="1.696"/>
  <testcase classname="selenium.API.RequstAPI" name="getUser" time="0.615"/>
  <testcase classname="selenium.API.RequstAPI" name="updateUser" time="0.687"/>
  <testcase classname="selenium.API.RequstAPI" name="deleteUser" time="0.594"/>
</testsuite> <!-- Default test -->
