<?xml version="1.0" encoding="UTF-8"?>
<testng-results ignored="0" total="4" passed="4" failed="0" skipped="0">
  <reporter-output>
  </reporter-output>
  <suite started-at="2024-02-24T16:14:17 WIB" name="Default suite" finished-at="2024-02-24T16:14:21 WIB" duration-ms="3618">
    <groups>
    </groups>
    <test started-at="2024-02-24T16:14:17 WIB" name="Default test" finished-at="2024-02-24T16:14:21 WIB" duration-ms="3618">
      <class name="selenium.API.RequstAPI">
        <test-method signature="createUser()[pri:1, instance:selenium.API.RequstAPI@242b836]" started-at="2024-02-24T16:14:17 WIB" name="createUser" finished-at="2024-02-24T16:14:19 WIB" duration-ms="1696" status="PASS">
          <reporter-output>
          </reporter-output>
        </test-method> <!-- createUser -->
        <test-method signature="getUser()[pri:2, instance:selenium.API.RequstAPI@242b836]" started-at="2024-02-24T16:14:19 WIB" name="getUser" finished-at="2024-02-24T16:14:20 WIB" depends-on-methods="selenium.API.RequstAPI.createUser" duration-ms="615" status="PASS">
          <reporter-output>
          </reporter-output>
        </test-method> <!-- getUser -->
        <test-method signature="updateUser()[pri:3, instance:selenium.API.RequstAPI@242b836]" started-at="2024-02-24T16:14:20 WIB" name="updateUser" finished-at="2024-02-24T16:14:20 WIB" depends-on-methods="selenium.API.RequstAPI.getUser" duration-ms="687" status="PASS">
          <reporter-output>
          </reporter-output>
        </test-method> <!-- updateUser -->
        <test-method signature="deleteUser()[pri:4, instance:selenium.API.RequstAPI@242b836]" started-at="2024-02-24T16:14:20 WIB" name="deleteUser" finished-at="2024-02-24T16:14:21 WIB" depends-on-methods="selenium.API.RequstAPI.updateUser" duration-ms="594" status="PASS">
          <reporter-output>
          </reporter-output>
        </test-method> <!-- deleteUser -->
      </class> <!-- selenium.API.RequstAPI -->
    </test> <!-- Default test -->
  </suite> <!-- Default suite -->
</testng-results>
