<?xml version="1.0" encoding="UTF-8"?>
<testng-results ignored="0" total="4" passed="4" failed="0" skipped="0">
  <reporter-output>
  </reporter-output>
  <suite started-at="2024-02-13T14:01:02 WIB" name="Default suite" finished-at="2024-02-13T14:01:04 WIB" duration-ms="2915">
    <groups>
    </groups>
    <test started-at="2024-02-13T14:01:02 WIB" name="Default test" finished-at="2024-02-13T14:01:04 WIB" duration-ms="2915">
      <class name="selenium.API.RequstAPI">
        <test-method signature="getUser()[pri:1, instance:selenium.API.RequstAPI@242b836]" started-at="2024-02-13T14:01:02 WIB" name="getUser" finished-at="2024-02-13T14:01:03 WIB" duration-ms="1123" status="PASS">
          <reporter-output>
          </reporter-output>
        </test-method> <!-- getUser -->
        <test-method signature="createUser()[pri:2, instance:selenium.API.RequstAPI@242b836]" started-at="2024-02-13T14:01:03 WIB" name="createUser" finished-at="2024-02-13T14:01:03 WIB" duration-ms="738" status="PASS">
          <reporter-output>
          </reporter-output>
        </test-method> <!-- createUser -->
        <test-method signature="updateUser()[pri:3, instance:selenium.API.RequstAPI@242b836]" started-at="2024-02-13T14:01:03 WIB" name="updateUser" finished-at="2024-02-13T14:01:04 WIB" depends-on-methods="selenium.API.RequstAPI.createUser" duration-ms="613" status="PASS">
          <reporter-output>
          </reporter-output>
        </test-method> <!-- updateUser -->
        <test-method signature="deleteUser()[pri:4, instance:selenium.API.RequstAPI@242b836]" started-at="2024-02-13T14:01:04 WIB" name="deleteUser" finished-at="2024-02-13T14:01:04 WIB" duration-ms="413" status="PASS">
          <reporter-output>
          </reporter-output>
        </test-method> <!-- deleteUser -->
      </class> <!-- selenium.API.RequstAPI -->
    </test> <!-- Default test -->
  </suite> <!-- Default suite -->
</testng-results>
